<?xml version="1.0" encoding="UTF-8"?>
<!-- Generated by org.testng.reporters.JUnitReportReporter -->
<testsuite hostname="DSHAHI-WS02" name="com.q2o.test.NewTest" tests="1" failures="0" timestamp="28 Mar 2015 03:31:07 GMT" time="12.989" errors="0">
  <testcase name="f" time="12.989" classname="com.q2o.test.NewTest"/>
</testsuite> <!-- com.q2o.test.NewTest -->
